# JRE version: OpenJDK Runtime Environment (17.0.18+8) (build 17.0.18+8-Ubuntu-122.04.1)
# Java VM: OpenJDK 64-Bit Server VM (17.0.18+8-Ubuntu-122.04.1, mixed mode, sharing, compressed oops, compressed class ptrs, serial gc, linux-aarch64)
GC Precious Log:
 CPUs: 4 total, 4 available
 Memory: 23980M
 Large Page Support: Disabled
 NUMA Support: Disabled
 Compressed Oops: Enabled (32-bit)
 Heap Min Capacity: 8M
 Heap Initial Capacity: 376M
 Heap Max Capacity: 1500M
 Pre-touch: Disabled
Heap:
 def new generation   total 460800K, used 411062K [0x00000000a2400000, 0x00000000c1800000, 0x00000000c1800000)
  eden space 409600K, 100% used [0x00000000a2400000, 0x00000000bb400000, 0x00000000bb400000)
  from space 51200K,   2% used [0x00000000be600000, 0x00000000be76d8b0, 0x00000000c1800000)
  to   space 51200K,   0% used [0x00000000bb400000, 0x00000000bb400000, 0x00000000be600000)
 tenured generation   total 1024000K, used 1023999K [0x00000000c1800000, 0x0000000100000000, 0x0000000100000000)
   the space 1024000K,  99% used [0x00000000c1800000, 0x00000000fffffff0, 0x0000000100000000, 0x0000000100000000)
 Metaspace       used 156137K, committed 157312K, reserved 622592K
  class space    used 22179K, committed 22784K, reserved 425984K
GC Heap History (20 events):
Event: 629.706 GC heap before
{Heap before GC invocations=121 (full 69):
 def new generation   total 460800K, used 460800K [0x00000000a2400000, 0x00000000c1800000, 0x00000000c1800000)
  eden space 409600K, 100% used [0x00000000a2400000, 0x00000000bb400000, 0x00000000bb400000)
  from space 51200K, 100% used [0x00000000be600000, 0x00000000c1800000, 0x00000000c1800000)
  to   space 51200K,   0% used [0x00000000bb400000, 0x00000000bb400000, 0x00000000be600000)
 tenured generation   total 1024000K, used 1024000K [0x00000000c1800000, 0x0000000100000000, 0x0000000100000000)
   the space 1024000K, 100% used [0x00000000c1800000, 0x0000000100000000, 0x0000000100000000, 0x0000000100000000)
 Metaspace       used 152799K, committed 153984K, reserved 622592K
  class space    used 21789K, committed 22400K, reserved 425984K
}
Event: 634.844 GC heap after
{Heap after GC invocations=122 (full 70):
 def new generation   total 460800K, used 41240K [0x00000000a2400000, 0x00000000c1800000, 0x00000000c1800000)
  eden space 409600K,  10% used [0x00000000a2400000, 0x00000000a4c46058, 0x00000000bb400000)
  from space 51200K,   0% used [0x00000000be600000, 0x00000000be600000, 0x00000000c1800000)
  to   space 51200K,   0% used [0x00000000bb400000, 0x00000000bb400000, 0x00000000be600000)
 tenured generation   total 1024000K, used 1024000K [0x00000000c1800000, 0x0000000100000000, 0x0000000100000000)
   the space 1024000K, 100% used [0x00000000c1800000, 0x0000000100000000, 0x0000000100000000, 0x0000000100000000)
 Metaspace       used 152799K, committed 153984K, reserved 622592K
  class space    used 21789K, committed 22400K, reserved 425984K
}
Event: 637.683 GC heap before
{Heap before GC invocations=122 (full 70):
 def new generation   total 460800K, used 460800K [0x00000000a2400000, 0x00000000c1800000, 0x00000000c1800000)
  eden space 409600K, 100% used [0x00000000a2400000, 0x00000000bb400000, 0x00000000bb400000)
  from space 51200K, 100% used [0x00000000be600000, 0x00000000c1800000, 0x00000000c1800000)
  to   space 51200K,   0% used [0x00000000bb400000, 0x00000000bb400000, 0x00000000be600000)
 tenured generation   total 1024000K, used 1024000K [0x00000000c1800000, 0x0000000100000000, 0x0000000100000000)
   the space 1024000K, 100% used [0x00000000c1800000, 0x0000000100000000, 0x0000000100000000, 0x0000000100000000)
 Metaspace       used 152803K, committed 153984K, reserved 622592K
  class space    used 21789K, committed 22400K, reserved 425984K
}
Event: 645.053 GC heap after
{Heap after GC invocations=123 (full 71):
 def new generation   total 460800K, used 88524K [0x00000000a2400000, 0x00000000c1800000, 0x00000000c1800000)
  eden space 409600K,  21% used [0x00000000a2400000, 0x00000000a7a733c0, 0x00000000bb400000)
  from space 51200K,   0% used [0x00000000be600000, 0x00000000be600000, 0x00000000c1800000)
  to   space 51200K,   0% used [0x00000000bb400000, 0x00000000bb400000, 0x00000000be600000)
 tenured generation   total 1024000K, used 1024000K [0x00000000c1800000, 0x0000000100000000, 0x0000000100000000)
   the space 1024000K, 100% used [0x00000000c1800000, 0x0000000100000000, 0x0000000100000000, 0x0000000100000000)
 Metaspace       used 152803K, committed 153984K, reserved 622592K
  class space    used 21789K, committed 22400K, reserved 425984K
}
Event: 647.794 GC heap before
{Heap before GC invocations=123 (full 71):
 def new generation   total 460800K, used 460799K [0x00000000a2400000, 0x00000000c1800000, 0x00000000c1800000)
  eden space 409600K, 100% used [0x00000000a2400000, 0x00000000bb400000, 0x00000000bb400000)
  from space 51200K,  99% used [0x00000000be600000, 0x00000000c17ffff0, 0x00000000c1800000)
  to   space 51200K,   0% used [0x00000000bb400000, 0x00000000bb400000, 0x00000000be600000)
 tenured generation   total 1024000K, used 1024000K [0x00000000c1800000, 0x0000000100000000, 0x0000000100000000)
   the space 1024000K, 100% used [0x00000000c1800000, 0x0000000100000000, 0x0000000100000000, 0x0000000100000000)
 Metaspace       used 152803K, committed 153984K, reserved 622592K
  class space    used 21789K, committed 22400K, reserved 425984K
}
Event: 654.104 GC heap after
{Heap after GC invocations=124 (full 72):
 def new generation   total 460800K, used 79468K [0x00000000a2400000, 0x00000000c1800000, 0x00000000c1800000)
  eden space 409600K,  19% used [0x00000000a2400000, 0x00000000a719b1d0, 0x00000000bb400000)
  from space 51200K,   0% used [0x00000000be600000, 0x00000000be600000, 0x00000000c1800000)
  to   space 51200K,   0% used [0x00000000bb400000, 0x00000000bb400000, 0x00000000be600000)
 tenured generation   total 1024000K, used 1023999K [0x00000000c1800000, 0x0000000100000000, 0x0000000100000000)
   the space 1024000K,  99% used [0x00000000c1800000, 0x00000000ffffffe8, 0x0000000100000000, 0x0000000100000000)
 Metaspace       used 152803K, committed 153984K, reserved 622592K
  class space    used 21789K, committed 22400K, reserved 425984K
}
Event: 659.722 GC heap before
{Heap before GC invocations=124 (full 72):
 def new generation   total 460800K, used 460799K [0x00000000a2400000, 0x00000000c1800000, 0x00000000c1800000)
  eden space 409600K, 100% used [0x00000000a2400000, 0x00000000bb400000, 0x00000000bb400000)
  from space 51200K,  99% used [0x00000000be600000, 0x00000000c17fffc0, 0x00000000c1800000)
  to   space 51200K,   0% used [0x00000000bb400000, 0x00000000bb400000, 0x00000000be600000)
 tenured generation   total 1024000K, used 1023999K [0x00000000c1800000, 0x0000000100000000, 0x0000000100000000)
   the space 1024000K,  99% used [0x00000000c1800000, 0x00000000ffffffe8, 0x0000000100000000, 0x0000000100000000)
 Metaspace       used 152905K, committed 154048K, reserved 622592K
  class space    used 21802K, committed 22400K, reserved 425984K
}
Event: 664.413 GC heap after
{Heap after GC invocations=125 (full 73):
 def new generation   total 460800K, used 86642K [0x00000000a2400000, 0x00000000c1800000, 0x00000000c1800000)
  eden space 409600K,  21% used [0x00000000a2400000, 0x00000000a789ca68, 0x00000000bb400000)
  from space 51200K,   0% used [0x00000000be600000, 0x00000000be600000, 0x00000000c1800000)
  to   space 51200K,   0% used [0x00000000bb400000, 0x00000000bb400000, 0x00000000be600000)
 tenured generation   total 1024000K, used 1023999K [0x00000000c1800000, 0x0000000100000000, 0x0000000100000000)
   the space 1024000K,  99% used [0x00000000c1800000, 0x00000000ffffffe8, 0x0000000100000000, 0x0000000100000000)
 Metaspace       used 152889K, committed 154048K, reserved 622592K
  class space    used 21799K, committed 22400K, reserved 425984K
}
Event: 672.456 GC heap before
{Heap before GC invocations=125 (full 73):
 def new generation   total 460800K, used 460799K [0x00000000a2400000, 0x00000000c1800000, 0x00000000c1800000)
  eden space 409600K, 100% used [0x00000000a2400000, 0x00000000bb400000, 0x00000000bb400000)
  from space 51200K,  99% used [0x00000000be600000, 0x00000000c17fffe0, 0x00000000c1800000)
  to   space 51200K,   0% used [0x00000000bb400000, 0x00000000bb400000, 0x00000000be600000)
 tenured generation   total 1024000K, used 1023999K [0x00000000c1800000, 0x0000000100000000, 0x0000000100000000)
   the space 1024000K,  99% used [0x00000000c1800000, 0x00000000ffffffe8, 0x0000000100000000, 0x0000000100000000)
 Metaspace       used 154906K, committed 156160K, reserved 622592K
  class space    used 22150K, committed 22784K, reserved 425984K
}
Event: 679.650 GC heap after
{Heap after GC invocations=126 (full 74):
 def new generation   total 460800K, used 25285K [0x00000000a2400000, 0x00000000c1800000, 0x00000000c1800000)
  eden space 409600K,   6% used [0x00000000a2400000, 0x00000000a3cb1670, 0x00000000bb400000)
  from space 51200K,   0% used [0x00000000be600000, 0x00000000be600000, 0x00000000c1800000)
  to   space 51200K,   0% used [0x00000000bb400000, 0x00000000bb400000, 0x00000000be600000)
 tenured generation   total 1024000K, used 1024000K [0x00000000c1800000, 0x0000000100000000, 0x0000000100000000)
   the space 1024000K, 100% used [0x00000000c1800000, 0x0000000100000000, 0x0000000100000000, 0x0000000100000000)
 Metaspace       used 154841K, committed 156160K, reserved 622592K
  class space    used 22138K, committed 22784K, reserved 425984K
}
Event: 685.320 GC heap before
{Heap before GC invocations=126 (full 74):
 def new generation   total 460800K, used 460800K [0x00000000a2400000, 0x00000000c1800000, 0x00000000c1800000)
  eden space 409600K, 100% used [0x00000000a2400000, 0x00000000bb400000, 0x00000000bb400000)
  from space 51200K, 100% used [0x00000000be600000, 0x00000000c1800000, 0x00000000c1800000)
  to   space 51200K,   0% used [0x00000000bb400000, 0x00000000bb400000, 0x00000000be600000)
 tenured generation   total 1024000K, used 1024000K [0x00000000c1800000, 0x0000000100000000, 0x0000000100000000)
   the space 1024000K, 100% used [0x00000000c1800000, 0x0000000100000000, 0x0000000100000000, 0x0000000100000000)
 Metaspace       used 155950K, committed 157120K, reserved 622592K
  class space    used 22159K, committed 22784K, reserved 425984K
}
Event: 690.603 GC heap after
{Heap after GC invocations=127 (full 75):
 def new generation   total 460800K, used 29291K [0x00000000a2400000, 0x00000000c1800000, 0x00000000c1800000)
  eden space 409600K,   7% used [0x00000000a2400000, 0x00000000a409ade8, 0x00000000bb400000)
  from space 51200K,   0% used [0x00000000be600000, 0x00000000be600000, 0x00000000c1800000)
  to   space 51200K,   0% used [0x00000000bb400000, 0x00000000bb400000, 0x00000000be600000)
 tenured generation   total 1024000K, used 1024000K [0x00000000c1800000, 0x0000000100000000, 0x0000000100000000)
   the space 1024000K, 100% used [0x00000000c1800000, 0x0000000100000000, 0x0000000100000000, 0x0000000100000000)
 Metaspace       used 155950K, committed 157120K, reserved 622592K
  class space    used 22159K, committed 22784K, reserved 425984K
}
Event: 694.136 GC heap before
{Heap before GC invocations=127 (full 75):
 def new generation   total 460800K, used 460799K [0x00000000a2400000, 0x00000000c1800000, 0x00000000c1800000)
  eden space 409600K, 100% used [0x00000000a2400000, 0x00000000bb400000, 0x00000000bb400000)
  from space 51200K,  99% used [0x00000000be600000, 0x00000000c17ffff8, 0x00000000c1800000)
  to   space 51200K,   0% used [0x00000000bb400000, 0x00000000bb400000, 0x00000000be600000)
 tenured generation   total 1024000K, used 1024000K [0x00000000c1800000, 0x0000000100000000, 0x0000000100000000)
   the space 1024000K, 100% used [0x00000000c1800000, 0x0000000100000000, 0x0000000100000000, 0x0000000100000000)
 Metaspace       used 156052K, committed 157248K, reserved 622592K
  class space    used 22166K, committed 22784K, reserved 425984K
}
Event: 699.776 GC heap after
{Heap after GC invocations=128 (full 76):
 def new generation   total 460800K, used 5114K [0x00000000a2400000, 0x00000000c1800000, 0x00000000c1800000)
  eden space 409600K,   1% used [0x00000000a2400000, 0x00000000a28feb90, 0x00000000bb400000)
  from space 51200K,   0% used [0x00000000be600000, 0x00000000be600000, 0x00000000c1800000)
  to   space 51200K,   0% used [0x00000000bb400000, 0x00000000bb400000, 0x00000000be600000)
 tenured generation   total 1024000K, used 1023999K [0x00000000c1800000, 0x0000000100000000, 0x0000000100000000)
   the space 1024000K,  99% used [0x00000000c1800000, 0x00000000fffffff0, 0x0000000100000000, 0x0000000100000000)
 Metaspace       used 156052K, committed 157248K, reserved 622592K
  class space    used 22166K, committed 22784K, reserved 425984K
}
Event: 703.576 GC heap before
{Heap before GC invocations=128 (full 76):
 def new generation   total 460800K, used 460799K [0x00000000a2400000, 0x00000000c1800000, 0x00000000c1800000)
  eden space 409600K, 100% used [0x00000000a2400000, 0x00000000bb400000, 0x00000000bb400000)
  from space 51200K,  99% used [0x00000000be600000, 0x00000000c17ffff0, 0x00000000c1800000)
  to   space 51200K,   0% used [0x00000000bb400000, 0x00000000bb400000, 0x00000000be600000)
 tenured generation   total 1024000K, used 1023999K [0x00000000c1800000, 0x0000000100000000, 0x0000000100000000)
   the space 1024000K,  99% used [0x00000000c1800000, 0x00000000fffffff0, 0x0000000100000000, 0x0000000100000000)
 Metaspace       used 156083K, committed 157248K, reserved 622592K
  class space    used 22169K, committed 22784K, reserved 425984K
}
Event: 707.079 GC heap after
{Heap after GC invocations=129 (full 77):
 def new generation   total 460800K, used 9259K [0x00000000a2400000, 0x00000000c1800000, 0x00000000c1800000)
  eden space 409600K,   2% used [0x00000000a2400000, 0x00000000a2d0adf0, 0x00000000bb400000)
  from space 51200K,   0% used [0x00000000be600000, 0x00000000be600000, 0x00000000c1800000)
  to   space 51200K,   0% used [0x00000000bb400000, 0x00000000bb400000, 0x00000000be600000)
 tenured generation   total 1024000K, used 1023999K [0x00000000c1800000, 0x0000000100000000, 0x0000000100000000)
   the space 1024000K,  99% used [0x00000000c1800000, 0x00000000fffffff0, 0x0000000100000000, 0x0000000100000000)
 Metaspace       used 156083K, committed 157248K, reserved 622592K
  class space    used 22169K, committed 22784K, reserved 425984K
}
Event: 709.990 GC heap before
{Heap before GC invocations=129 (full 77):
 def new generation   total 460800K, used 460799K [0x00000000a2400000, 0x00000000c1800000, 0x00000000c1800000)
  eden space 409600K, 100% used [0x00000000a2400000, 0x00000000bb400000, 0x00000000bb400000)
  from space 51200K,  99% used [0x00000000be600000, 0x00000000c17fffd8, 0x00000000c1800000)
  to   space 51200K,   0% used [0x00000000bb400000, 0x00000000bb400000, 0x00000000be600000)
 tenured generation   total 1024000K, used 1023999K [0x00000000c1800000, 0x0000000100000000, 0x0000000100000000)
   the space 1024000K,  99% used [0x00000000c1800000, 0x00000000fffffff0, 0x0000000100000000, 0x0000000100000000)
 Metaspace       used 156095K, committed 157248K, reserved 622592K
  class space    used 22173K, committed 22784K, reserved 425984K
}
Event: 714.100 GC heap after
{Heap after GC invocations=130 (full 78):
 def new generation   total 460800K, used 13245K [0x00000000a2400000, 0x00000000c1800000, 0x00000000c1800000)
  eden space 409600K,   3% used [0x00000000a2400000, 0x00000000a30ef708, 0x00000000bb400000)
  from space 51200K,   0% used [0x00000000be600000, 0x00000000be600000, 0x00000000c1800000)
  to   space 51200K,   0% used [0x00000000bb400000, 0x00000000bb400000, 0x00000000be600000)
 tenured generation   total 1024000K, used 1023999K [0x00000000c1800000, 0x0000000100000000, 0x0000000100000000)
   the space 1024000K,  99% used [0x00000000c1800000, 0x00000000fffffff0, 0x0000000100000000, 0x0000000100000000)
 Metaspace       used 156095K, committed 157248K, reserved 622592K
  class space    used 22173K, committed 22784K, reserved 425984K
}
Event: 716.802 GC heap before
{Heap before GC invocations=130 (full 78):
 def new generation   total 460800K, used 460799K [0x00000000a2400000, 0x00000000c1800000, 0x00000000c1800000)
  eden space 409600K, 100% used [0x00000000a2400000, 0x00000000bb400000, 0x00000000bb400000)
  from space 51200K,  99% used [0x00000000be600000, 0x00000000c17fff80, 0x00000000c1800000)
  to   space 51200K,   0% used [0x00000000bb400000, 0x00000000bb400000, 0x00000000be600000)
 tenured generation   total 1024000K, used 1023999K [0x00000000c1800000, 0x0000000100000000, 0x0000000100000000)
   the space 1024000K,  99% used [0x00000000c1800000, 0x00000000fffffff0, 0x0000000100000000, 0x0000000100000000)
 Metaspace       used 156128K, committed 157312K, reserved 622592K
  class space    used 22179K, committed 22784K, reserved 425984K
}
Event: 721.903 GC heap after
{Heap after GC invocations=131 (full 79):
 def new generation   total 460800K, used 16770K [0x00000000a2400000, 0x00000000c1800000, 0x00000000c1800000)
  eden space 409600K,   4% used [0x00000000a2400000, 0x00000000a3460a88, 0x00000000bb400000)
  from space 51200K,   0% used [0x00000000be600000, 0x00000000be600000, 0x00000000c1800000)
  to   space 51200K,   0% used [0x00000000bb400000, 0x00000000bb400000, 0x00000000be600000)
 tenured generation   total 1024000K, used 1023999K [0x00000000c1800000, 0x0000000100000000, 0x0000000100000000)
   the space 1024000K,  99% used [0x00000000c1800000, 0x00000000fffffff0, 0x0000000100000000, 0x0000000100000000)
 Metaspace       used 156128K, committed 157312K, reserved 622592K
  class space    used 22179K, committed 22784K, reserved 425984K
}

